[2026-04-15 10:36:34] Running Exp 6 directly (10.8 GB free, sufficient for Pythia-410M)
[2026-04-15 10:36:34] 
============================================================
[2026-04-15 10:36:34] EXP 6: LLOYD-MAX INT3 END-TO-END BPT
[2026-04-15 10:36:34] Does per-matrix advantage survive 24 layers?
[2026-04-15 10:36:34] ============================================================
/home/user1-gpu/.local/lib/python3.12/site-packages/transformers/tokenization_utils_base.py:1617: FutureWarning: `clean_up_tokenization_spaces` was not set. It will be set to `True` by default. This behavior will be deprecated in transformers v4.45, and will be then set to `False` by default. For more details check this issue: https://github.com/huggingface/transformers/issues/31884
  warnings.warn(
[2026-04-15 10:36:37]   FP16 INT16...
[2026-04-15 10:36:42]     FP16 INT16: BPT=4.2688
[2026-04-15 10:36:47]   lloyd_max INT4...
[2026-04-15 10:38:12]     lloyd_max INT4: BPT=8.5084
[2026-04-15 10:38:17]   lloyd_max INT3...
[2026-04-15 10:39:09]     lloyd_max INT3: BPT=11.7377
[2026-04-15 10:39:14]   symmetric INT4...
[2026-04-15 10:39:21]     symmetric INT4: BPT=16.8923
[2026-04-15 10:39:26]   symmetric INT3...
[2026-04-15 10:39:34]     symmetric INT3: BPT=16.0500
[2026-04-15 10:39:40] EXP 6 COMPLETE
[2026-04-15 10:39:40] DONE
