[2026-04-15 20:26:18] ======================================================================
[2026-04-15 20:26:18] GRAND SLAM EXPERIMENT SUITE
[2026-04-15 20:26:18] Bulletproof. Every CI. Every p-value. Every tree barked up.
[2026-04-15 20:26:18] ======================================================================
[2026-04-15 20:26:18]   GPU: 147/32607 MB (0% mem), 0% compute, 31966 MB free
[2026-04-15 20:26:18] 
======================================================================
[2026-04-15 20:26:18] >>> GS1: Visual MAE from scratch (86M, THE BIG ONE)
[2026-04-15 20:26:18] ======================================================================
[2026-04-15 20:26:18] 
======================================================================
[2026-04-15 20:26:18] GS1: VISUAL MAE FROM SCRATCH — 86M PARAMS, 224×224
[2026-04-15 20:26:18] 7 entropy levels × 3 seeds. Batch 128. Target: 20+ GB VRAM.
[2026-04-15 20:26:18] ======================================================================
[2026-04-15 20:26:18] 
  [uniform] seed=42 (entropy ≈ ~0 bits/pixel)
/home/user1-gpu/agi-extensions/weekend_experiments/grandslam.py:235: UserWarning: enable_nested_tensor is True, but self.use_nested_tensor is False because encoder_layer.norm_first was True
  self.encoder = nn.TransformerEncoder(encoder_layer, depth)
/home/user1-gpu/agi-extensions/weekend_experiments/grandslam.py:245: UserWarning: enable_nested_tensor is True, but self.use_nested_tensor is False because encoder_layer.norm_first was True
  self.decoder = nn.TransformerEncoder(decoder_layer, decoder_depth)
[2026-04-15 20:26:19]     Model: 111.9M params
[2026-04-15 20:26:19]   GPU: 1123/32607 MB (3% mem), 0% compute, 30990 MB free
[2026-04-15 20:26:39]     Epoch  0: train_loss=0.030086
[2026-04-15 20:28:14]     Epoch  5: train_loss=0.000132
[2026-04-15 20:29:50]     Epoch 10: train_loss=0.000014
[2026-04-15 20:31:06]     Epoch 14: train_loss=0.000001
[2026-04-15 20:31:06]   GPU: 7953/32607 MB (24% mem), 98% compute, 24160 MB free
[2026-04-15 20:31:06]   GS1: Visual MAE from scratch (86M, THE BIG ONE) FAILED: Caught ValueError in DataLoader worker process 0.
Original Traceback (most recent call last):
  File "/home/user1-gpu/.local/lib/python3.12/site-packages/torch/utils/data/_utils/worker.py", line 358, in _worker_loop
    data = fetcher.fetch(index)  # type: ignore[possibly-undefined]
           ^^^^^^^^^^^^^^^^^^^^
  File "/home/user1-gpu/.local/lib/python3.12/site-packages/torch/utils/data/_utils/fetch.py", line 54, in fetch
    data = [self.dataset[idx] for idx in possibly_batched_index]
            ~~~~~~~~~~~~^^^^^
  File "/home/user1-gpu/agi-extensions/weekend_experiments/grandslam.py", line 169, in __getitem__
    rng = np.random.RandomState(self.seed * 100000 + idx)
          ^^^^^^^^^^^^^^^^^^^^^^^^^^^^^^^^^^^^^^^^^^^^^^^
  File "numpy/random/mtrand.pyx", line 185, in numpy.random.mtrand.RandomState.__init__
  File "_mt19937.pyx", line 168, in numpy.random._mt19937.MT19937._legacy_seeding
  File "_mt19937.pyx", line 182, in numpy.random._mt19937.MT19937._legacy_seeding
ValueError: Seed must be between 0 and 2**32 - 1

Traceback (most recent call last):
  File "/home/user1-gpu/agi-extensions/weekend_experiments/grandslam.py", line 1040, in main
    fn()
  File "/home/user1-gpu/agi-extensions/weekend_experiments/grandslam.py", line 414, in gs1_visual_mae
    for batch in eval_loader:
  File "/home/user1-gpu/.local/lib/python3.12/site-packages/torch/utils/data/dataloader.py", line 741, in __next__
    data = self._next_data()
           ^^^^^^^^^^^^^^^^^
  File "/home/user1-gpu/.local/lib/python3.12/site-packages/torch/utils/data/dataloader.py", line 1548, in _next_data
    return self._process_data(data, worker_id)
           ^^^^^^^^^^^^^^^^^^^^^^^^^^^^^^^^^^^
  File "/home/user1-gpu/.local/lib/python3.12/site-packages/torch/utils/data/dataloader.py", line 1586, in _process_data
    data.reraise()
  File "/home/user1-gpu/.local/lib/python3.12/site-packages/torch/_utils.py", line 785, in reraise
    raise exception
ValueError: Caught ValueError in DataLoader worker process 0.
Original Traceback (most recent call last):
  File "/home/user1-gpu/.local/lib/python3.12/site-packages/torch/utils/data/_utils/worker.py", line 358, in _worker_loop
    data = fetcher.fetch(index)  # type: ignore[possibly-undefined]
           ^^^^^^^^^^^^^^^^^^^^
  File "/home/user1-gpu/.local/lib/python3.12/site-packages/torch/utils/data/_utils/fetch.py", line 54, in fetch
    data = [self.dataset[idx] for idx in possibly_batched_index]
            ~~~~~~~~~~~~^^^^^
  File "/home/user1-gpu/agi-extensions/weekend_experiments/grandslam.py", line 169, in __getitem__
    rng = np.random.RandomState(self.seed * 100000 + idx)
          ^^^^^^^^^^^^^^^^^^^^^^^^^^^^^^^^^^^^^^^^^^^^^^^
  File "numpy/random/mtrand.pyx", line 185, in numpy.random.mtrand.RandomState.__init__
  File "_mt19937.pyx", line 168, in numpy.random._mt19937.MT19937._legacy_seeding
  File "_mt19937.pyx", line 182, in numpy.random._mt19937.MT19937._legacy_seeding
ValueError: Seed must be between 0 and 2**32 - 1

[2026-04-15 20:31:26] 
======================================================================
[2026-04-15 20:31:26] >>> GS2: Scale invariance (160M/410M/1.4B)
[2026-04-15 20:31:26] ======================================================================
[2026-04-15 20:31:26] 
======================================================================
[2026-04-15 20:31:26] GS2: SCALE INVARIANCE — Pythia 160M / 410M / 1.4B
[2026-04-15 20:31:26] Same 7 corpora, prove bits/byte is scale-invariant
[2026-04-15 20:31:26] ======================================================================
[2026-04-15 20:31:36]   Loaded 7 corpora: ['english', 'german', 'french', 'spanish', 'dna', 'python', 'medical']
[2026-04-15 20:31:36] 
  Loading Pythia-160M...
/home/user1-gpu/.local/lib/python3.12/site-packages/transformers/tokenization_utils_base.py:1617: FutureWarning: `clean_up_tokenization_spaces` was not set. It will be set to `True` by default. This behavior will be deprecated in transformers v4.45, and will be then set to `False` by default. For more details check this issue: https://github.com/huggingface/transformers/issues/31884
  warnings.warn(
[2026-04-15 20:31:37]   GPU: 3495/32607 MB (10% mem), 0% compute, 28618 MB free
[2026-04-15 20:31:37]     Pythia-160M × english...
[2026-04-15 20:31:38]       BPT=4.9897±0.0051, bits/char=1.1342, bits/byte=1.1326
[2026-04-15 20:31:38]     Pythia-160M × german...
[2026-04-15 20:31:39]       BPT=4.1785±0.0128, bits/char=1.5211, bits/byte=1.4647
[2026-04-15 20:31:39]     Pythia-160M × french...
[2026-04-15 20:31:40]       BPT=4.2491±0.0070, bits/char=1.3416, bits/byte=1.2975
[2026-04-15 20:31:40]     Pythia-160M × spanish...
[2026-04-15 20:31:41]       BPT=4.2976±0.0078, bits/char=1.3140, bits/byte=1.2864
[2026-04-15 20:31:41]     Pythia-160M × dna...
[2026-04-15 20:31:42]       BPT=4.6689±0.0015, bits/char=2.1221, bits/byte=2.1221
[2026-04-15 20:31:42]     Pythia-160M × python...
[2026-04-15 20:31:43]       BPT=3.3091±0.0026, bits/char=1.0963, bits/byte=1.0963
[2026-04-15 20:31:43]     Pythia-160M × medical...
[2026-04-15 20:31:44]       BPT=4.7125±0.0294, bits/char=0.9400, bits/byte=0.9400
[2026-04-15 20:31:45] 
  Loading Pythia-410M...
/home/user1-gpu/.local/lib/python3.12/site-packages/transformers/tokenization_utils_base.py:1617: FutureWarning: `clean_up_tokenization_spaces` was not set. It will be set to `True` by default. This behavior will be deprecated in transformers v4.45, and will be then set to `False` by default. For more details check this issue: https://github.com/huggingface/transformers/issues/31884
  warnings.warn(
[2026-04-15 20:31:45]   GPU: 1889/32607 MB (5% mem), 10% compute, 30224 MB free
[2026-04-15 20:31:45]     Pythia-410M × english...
[2026-04-15 20:31:48]       BPT=4.2582±0.0054, bits/char=0.9680, bits/byte=0.9666
[2026-04-15 20:31:48]     Pythia-410M × german...
[2026-04-15 20:31:50]       BPT=3.5307±0.0076, bits/char=1.2853, bits/byte=1.2376
[2026-04-15 20:31:50]     Pythia-410M × french...
[2026-04-15 20:31:52]       BPT=3.5290±0.0066, bits/char=1.1142, bits/byte=1.0776
[2026-04-15 20:31:52]     Pythia-410M × spanish...
[2026-04-15 20:31:55]       BPT=3.5715±0.0047, bits/char=1.0920, bits/byte=1.0690
[2026-04-15 20:31:55]     Pythia-410M × dna...
[2026-04-15 20:31:57]       BPT=4.5102±0.0009, bits/char=2.0500, bits/byte=2.0500
[2026-04-15 20:31:57]     Pythia-410M × python...
[2026-04-15 20:31:59]       BPT=2.9673±0.0027, bits/char=0.9831, bits/byte=0.9831
[2026-04-15 20:31:59]     Pythia-410M × medical...
[2026-04-15 20:32:02]       BPT=4.0439±0.0282, bits/char=0.8067, bits/byte=0.8067
[2026-04-15 20:32:02] 
  Loading Pythia-1.4B...
/home/user1-gpu/.local/lib/python3.12/site-packages/transformers/tokenization_utils_base.py:1617: FutureWarning: `clean_up_tokenization_spaces` was not set. It will be set to `True` by default. This behavior will be deprecated in transformers v4.45, and will be then set to `False` by default. For more details check this issue: https://github.com/huggingface/transformers/issues/31884
  warnings.warn(
[2026-04-15 20:32:03]   GPU: 3943/32607 MB (12% mem), 18% compute, 28170 MB free
[2026-04-15 20:32:03]     Pythia-1.4B × english...
[2026-04-15 20:32:09]       BPT=3.8085±0.0079, bits/char=0.8657, bits/byte=0.8645
[2026-04-15 20:32:09]     Pythia-1.4B × german...
[2026-04-15 20:32:14]       BPT=3.0855±0.0066, bits/char=1.1232, bits/byte=1.0815
[2026-04-15 20:32:14]     Pythia-1.4B × french...
[2026-04-15 20:32:20]       BPT=3.1007±0.0054, bits/char=0.9790, bits/byte=0.9468
[2026-04-15 20:32:20]     Pythia-1.4B × spanish...
[2026-04-15 20:32:25]       BPT=3.1321±0.0026, bits/char=0.9576, bits/byte=0.9375
[2026-04-15 20:32:25]     Pythia-1.4B × dna...
[2026-04-15 20:32:31]       BPT=4.4876±0.0008, bits/char=2.0397, bits/byte=2.0397
[2026-04-15 20:32:31]     Pythia-1.4B × python...
[2026-04-15 20:32:36]       BPT=2.8049±0.0025, bits/char=0.9293, bits/byte=0.9293
[2026-04-15 20:32:36]     Pythia-1.4B × medical...
[2026-04-15 20:32:42]       BPT=3.6632±0.0273, bits/char=0.7307, bits/byte=0.7307
[2026-04-15 20:32:43] GS2 COMPLETE
[2026-04-15 20:32:43] 
======================================================================
[2026-04-15 20:32:43] >>> GS3: Structural bonus at scale (1.4B)
[2026-04-15 20:32:43] ======================================================================
[2026-04-15 20:32:43] 
======================================================================
[2026-04-15 20:32:43] GS3: STRUCTURAL BONUS AT SCALE — Pythia-1.4B
[2026-04-15 20:32:43] 5 shuffle seeds × 4 quant methods. Welch t-tests. Cohen's d.
[2026-04-15 20:32:43] ======================================================================
/home/user1-gpu/.local/lib/python3.12/site-packages/transformers/tokenization_utils_base.py:1617: FutureWarning: `clean_up_tokenization_spaces` was not set. It will be set to `True` by default. This behavior will be deprecated in transformers v4.45, and will be then set to `False` by default. For more details check this issue: https://github.com/huggingface/transformers/issues/31884
  warnings.warn(
[2026-04-15 20:32:44] 
  Pythia-1.4B × FP16...
[2026-04-15 20:32:46]   GPU: 3615/32607 MB (11% mem), 15% compute, 28498 MB free
[2026-04-15 20:32:49]     seed=42: orig=3.6545, shuf=10.0541, bonus=6.3996
[2026-04-15 20:32:53]     seed=137: orig=3.6545, shuf=10.0418, bonus=6.3873
[2026-04-15 20:32:56]     seed=271: orig=3.6545, shuf=10.0676, bonus=6.4131
[2026-04-15 20:33:00]     seed=314: orig=3.6545, shuf=10.0478, bonus=6.3933
[2026-04-15 20:33:03]     seed=577: orig=3.6545, shuf=10.0541, bonus=6.3996
[2026-04-15 20:33:03] 
  Pythia-1.4B × SYM_INT4...
[2026-04-15 20:33:20]   GPU: 3615/32607 MB (11% mem), 0% compute, 28498 MB free
[2026-04-15 20:33:24]     seed=42: orig=17.0279, shuf=17.2493, bonus=0.2214
[2026-04-15 20:33:27]     seed=137: orig=17.0279, shuf=17.2230, bonus=0.1952
[2026-04-15 20:33:30]     seed=271: orig=17.0279, shuf=17.2518, bonus=0.2240
[2026-04-15 20:33:34]     seed=314: orig=17.0279, shuf=17.2267, bonus=0.1989
[2026-04-15 20:33:37]     seed=577: orig=17.0279, shuf=17.2046, bonus=0.1768
[2026-04-15 20:33:37] 
  Pythia-1.4B × SYM_INT8...
[2026-04-15 20:33:53]   GPU: 3615/32607 MB (11% mem), 14% compute, 28498 MB free
[2026-04-15 20:33:57]     seed=42: orig=3.6915, shuf=10.0969, bonus=6.4055
[2026-04-15 20:34:00]     seed=137: orig=3.6915, shuf=10.0861, bonus=6.3946
[2026-04-15 20:34:04]     seed=271: orig=3.6915, shuf=10.1121, bonus=6.4206
[2026-04-15 20:34:07]     seed=314: orig=3.6915, shuf=10.0907, bonus=6.3993
[2026-04-15 20:34:11]     seed=577: orig=3.6915, shuf=10.0981, bonus=6.4066
[2026-04-15 20:34:11] 
  Pythia-1.4B × BNB_NF4...
`low_cpu_mem_usage` was None, now set to True since model is quantized.
[2026-04-15 20:34:13]   GPU: 2157/32607 MB (6% mem), 13% compute, 29956 MB free
[2026-04-15 20:34:17]     seed=42: orig=3.7367, shuf=10.1048, bonus=6.3681
[2026-04-15 20:34:20]     seed=137: orig=3.7367, shuf=10.0907, bonus=6.3540
[2026-04-15 20:34:24]     seed=271: orig=3.7367, shuf=10.1181, bonus=6.3813
[2026-04-15 20:34:28]     seed=314: orig=3.7367, shuf=10.0974, bonus=6.3607
[2026-04-15 20:34:32]     seed=577: orig=3.7367, shuf=10.1046, bonus=6.3679
[2026-04-15 20:34:33] GS3 COMPLETE
[2026-04-15 20:34:33] 
======================================================================
[2026-04-15 20:34:33] >>> GS4: The Killer Table
[2026-04-15 20:34:33] ======================================================================
[2026-04-15 20:34:33] 
======================================================================
[2026-04-15 20:34:33] GS4: THE KILLER TABLE — Unified Cross-Modal Summary
[2026-04-15 20:34:33] ======================================================================
[2026-04-15 20:34:34] GS4 COMPLETE
[2026-04-15 20:34:34] 
======================================================================
[2026-04-15 20:34:34] GRAND SLAM COMPLETE
[2026-04-15 20:34:34] Every tree. Every branch. Every leaf.
[2026-04-15 20:34:34] ======================================================================
[2026-04-15 20:34:35]   GPU: 870/32607 MB (2% mem), 0% compute, 31243 MB free
