[2026-04-15 20:37:46] ======================================================================
[2026-04-15 20:37:46] GS1 RELAUNCH — Visual MAE from scratch (seed fix applied)
[2026-04-15 20:37:46] ======================================================================
[2026-04-15 20:37:46]   GPU: 148/32607 MB (0% mem), 0% compute, 31965 MB free
[2026-04-15 20:37:46] 
======================================================================
[2026-04-15 20:37:46] GS1: VISUAL MAE FROM SCRATCH — 86M PARAMS, 224×224
[2026-04-15 20:37:46] 7 entropy levels × 3 seeds. Batch 128. Target: 20+ GB VRAM.
[2026-04-15 20:37:46] ======================================================================
[2026-04-15 20:37:46] 
  [uniform] seed=42 (entropy ≈ ~0 bits/pixel)
/home/user1-gpu/agi-extensions/weekend_experiments/grandslam.py:235: UserWarning: enable_nested_tensor is True, but self.use_nested_tensor is False because encoder_layer.norm_first was True
  self.encoder = nn.TransformerEncoder(encoder_layer, depth)
/home/user1-gpu/agi-extensions/weekend_experiments/grandslam.py:245: UserWarning: enable_nested_tensor is True, but self.use_nested_tensor is False because encoder_layer.norm_first was True
  self.decoder = nn.TransformerEncoder(decoder_layer, decoder_depth)
[2026-04-15 20:37:47]     Model: 111.9M params
[2026-04-15 20:37:47]   GPU: 1124/32607 MB (3% mem), 0% compute, 30989 MB free
[2026-04-15 20:38:07]     Epoch  0: train_loss=0.030029
[2026-04-15 20:39:42]     Epoch  5: train_loss=0.000139
[2026-04-15 20:41:17]     Epoch 10: train_loss=0.000013
[2026-04-15 20:42:34]     Epoch 14: train_loss=0.000001
[2026-04-15 20:42:34]   GPU: 7953/32607 MB (24% mem), 98% compute, 24160 MB free
[2026-04-15 20:42:36]     RESULT: eval_loss=0.000001 ± 0.000000
[2026-04-15 20:42:36] 
  [uniform] seed=137 (entropy ≈ ~0 bits/pixel)
/home/user1-gpu/agi-extensions/weekend_experiments/grandslam.py:235: UserWarning: enable_nested_tensor is True, but self.use_nested_tensor is False because encoder_layer.norm_first was True
  self.encoder = nn.TransformerEncoder(encoder_layer, depth)
/home/user1-gpu/agi-extensions/weekend_experiments/grandslam.py:245: UserWarning: enable_nested_tensor is True, but self.use_nested_tensor is False because encoder_layer.norm_first was True
  self.decoder = nn.TransformerEncoder(decoder_layer, decoder_depth)
[2026-04-15 20:42:56]     Epoch  0: train_loss=0.026001
[2026-04-15 20:44:31]     Epoch  5: train_loss=0.000134
[2026-04-15 20:46:07]     Epoch 10: train_loss=0.000014
[2026-04-15 20:47:23]     Epoch 14: train_loss=0.000001
[2026-04-15 20:47:23]   GPU: 7957/32607 MB (24% mem), 98% compute, 24156 MB free
[2026-04-15 20:47:26]     RESULT: eval_loss=0.000001 ± 0.000000
[2026-04-15 20:47:26] 
  [uniform] seed=271 (entropy ≈ ~0 bits/pixel)
/home/user1-gpu/agi-extensions/weekend_experiments/grandslam.py:235: UserWarning: enable_nested_tensor is True, but self.use_nested_tensor is False because encoder_layer.norm_first was True
  self.encoder = nn.TransformerEncoder(encoder_layer, depth)
/home/user1-gpu/agi-extensions/weekend_experiments/grandslam.py:245: UserWarning: enable_nested_tensor is True, but self.use_nested_tensor is False because encoder_layer.norm_first was True
  self.decoder = nn.TransformerEncoder(decoder_layer, decoder_depth)
[2026-04-15 20:47:45]     Epoch  0: train_loss=0.028547
[2026-04-15 20:49:21]     Epoch  5: train_loss=0.000127
[2026-04-15 20:50:56]     Epoch 10: train_loss=0.000013
[2026-04-15 20:52:12]     Epoch 14: train_loss=0.000001
[2026-04-15 20:52:12]   GPU: 7941/32607 MB (24% mem), 98% compute, 24172 MB free
[2026-04-15 20:52:15]     RESULT: eval_loss=0.000001 ± 0.000000
[2026-04-15 20:52:15] 
  [4-color-blocks] seed=42 (entropy ≈ ~2 bits/pixel)
/home/user1-gpu/agi-extensions/weekend_experiments/grandslam.py:235: UserWarning: enable_nested_tensor is True, but self.use_nested_tensor is False because encoder_layer.norm_first was True
  self.encoder = nn.TransformerEncoder(encoder_layer, depth)
/home/user1-gpu/agi-extensions/weekend_experiments/grandslam.py:245: UserWarning: enable_nested_tensor is True, but self.use_nested_tensor is False because encoder_layer.norm_first was True
  self.decoder = nn.TransformerEncoder(decoder_layer, decoder_depth)
[2026-04-15 20:52:35]     Epoch  0: train_loss=0.071973
[2026-04-15 20:54:10]     Epoch  5: train_loss=0.063143
[2026-04-15 20:55:46]     Epoch 10: train_loss=0.063096
[2026-04-15 20:57:02]     Epoch 14: train_loss=0.063095
[2026-04-15 20:57:02]   GPU: 7791/32607 MB (23% mem), 97% compute, 24322 MB free
[2026-04-15 20:57:05]     RESULT: eval_loss=0.062387 ± 0.000327
[2026-04-15 20:57:05] 
  [4-color-blocks] seed=137 (entropy ≈ ~2 bits/pixel)
/home/user1-gpu/agi-extensions/weekend_experiments/grandslam.py:235: UserWarning: enable_nested_tensor is True, but self.use_nested_tensor is False because encoder_layer.norm_first was True
  self.encoder = nn.TransformerEncoder(encoder_layer, depth)
/home/user1-gpu/agi-extensions/weekend_experiments/grandslam.py:245: UserWarning: enable_nested_tensor is True, but self.use_nested_tensor is False because encoder_layer.norm_first was True
  self.decoder = nn.TransformerEncoder(decoder_layer, decoder_depth)
[2026-04-15 20:57:25]     Epoch  0: train_loss=0.076826
[2026-04-15 20:59:00]     Epoch  5: train_loss=0.067536
[2026-04-15 21:00:36]     Epoch 10: train_loss=0.067517
[2026-04-15 21:01:52]     Epoch 14: train_loss=0.067509
[2026-04-15 21:01:52]   GPU: 7955/32607 MB (24% mem), 97% compute, 24158 MB free
[2026-04-15 21:01:55]     RESULT: eval_loss=0.035907 ± 0.000553
[2026-04-15 21:01:55] 
  [4-color-blocks] seed=271 (entropy ≈ ~2 bits/pixel)
/home/user1-gpu/agi-extensions/weekend_experiments/grandslam.py:235: UserWarning: enable_nested_tensor is True, but self.use_nested_tensor is False because encoder_layer.norm_first was True
  self.encoder = nn.TransformerEncoder(encoder_layer, depth)
/home/user1-gpu/agi-extensions/weekend_experiments/grandslam.py:245: UserWarning: enable_nested_tensor is True, but self.use_nested_tensor is False because encoder_layer.norm_first was True
  self.decoder = nn.TransformerEncoder(decoder_layer, decoder_depth)
[2026-04-15 21:02:15]     Epoch  0: train_loss=0.053835
[2026-04-15 21:03:50]     Epoch  5: train_loss=0.045058
[2026-04-15 21:05:26]     Epoch 10: train_loss=0.045041
[2026-04-15 21:06:42]     Epoch 14: train_loss=0.045042
[2026-04-15 21:06:42]   GPU: 7963/32607 MB (24% mem), 98% compute, 24150 MB free
[2026-04-15 21:06:45]     RESULT: eval_loss=0.097102 ± 0.000286
[2026-04-15 21:06:45] 
  [16-color-blocks] seed=42 (entropy ≈ ~4 bits/pixel)
/home/user1-gpu/agi-extensions/weekend_experiments/grandslam.py:235: UserWarning: enable_nested_tensor is True, but self.use_nested_tensor is False because encoder_layer.norm_first was True
  self.encoder = nn.TransformerEncoder(encoder_layer, depth)
/home/user1-gpu/agi-extensions/weekend_experiments/grandslam.py:245: UserWarning: enable_nested_tensor is True, but self.use_nested_tensor is False because encoder_layer.norm_first was True
  self.decoder = nn.TransformerEncoder(decoder_layer, decoder_depth)
[2026-04-15 21:07:05]     Epoch  0: train_loss=0.097272
[2026-04-15 21:08:40]     Epoch  5: train_loss=0.086919
[2026-04-15 21:10:16]     Epoch 10: train_loss=0.086901
[2026-04-15 21:11:32]     Epoch 14: train_loss=0.086898
[2026-04-15 21:11:32]   GPU: 7953/32607 MB (24% mem), 97% compute, 24160 MB free
[2026-04-15 21:11:35]     RESULT: eval_loss=0.069823 ± 0.000125
[2026-04-15 21:11:35] 
  [16-color-blocks] seed=137 (entropy ≈ ~4 bits/pixel)
/home/user1-gpu/agi-extensions/weekend_experiments/grandslam.py:235: UserWarning: enable_nested_tensor is True, but self.use_nested_tensor is False because encoder_layer.norm_first was True
  self.encoder = nn.TransformerEncoder(encoder_layer, depth)
/home/user1-gpu/agi-extensions/weekend_experiments/grandslam.py:245: UserWarning: enable_nested_tensor is True, but self.use_nested_tensor is False because encoder_layer.norm_first was True
  self.decoder = nn.TransformerEncoder(decoder_layer, decoder_depth)
[2026-04-15 21:11:55]     Epoch  0: train_loss=0.099826
[2026-04-15 21:13:30]     Epoch  5: train_loss=0.090672
[2026-04-15 21:15:06]     Epoch 10: train_loss=0.090650
[2026-04-15 21:16:22]     Epoch 14: train_loss=0.090642
[2026-04-15 21:16:22]   GPU: 7957/32607 MB (24% mem), 98% compute, 24156 MB free
[2026-04-15 21:16:25]     RESULT: eval_loss=0.078562 ± 0.000258
[2026-04-15 21:16:25] 
  [16-color-blocks] seed=271 (entropy ≈ ~4 bits/pixel)
/home/user1-gpu/agi-extensions/weekend_experiments/grandslam.py:235: UserWarning: enable_nested_tensor is True, but self.use_nested_tensor is False because encoder_layer.norm_first was True
  self.encoder = nn.TransformerEncoder(encoder_layer, depth)
/home/user1-gpu/agi-extensions/weekend_experiments/grandslam.py:245: UserWarning: enable_nested_tensor is True, but self.use_nested_tensor is False because encoder_layer.norm_first was True
  self.decoder = nn.TransformerEncoder(decoder_layer, decoder_depth)
[2026-04-15 21:16:45]     Epoch  0: train_loss=0.099531
[2026-04-15 21:18:20]     Epoch  5: train_loss=0.091396
[2026-04-15 21:19:56]     Epoch 10: train_loss=0.091366
[2026-04-15 21:21:12]     Epoch 14: train_loss=0.091348
[2026-04-15 21:21:12]   GPU: 7951/32607 MB (24% mem), 98% compute, 24162 MB free
[2026-04-15 21:21:15]     RESULT: eval_loss=0.078433 ± 0.000141
[2026-04-15 21:21:15] 
  [64-color-pixels] seed=42 (entropy ≈ ~6 bits/pixel)
/home/user1-gpu/agi-extensions/weekend_experiments/grandslam.py:235: UserWarning: enable_nested_tensor is True, but self.use_nested_tensor is False because encoder_layer.norm_first was True
  self.encoder = nn.TransformerEncoder(encoder_layer, depth)
/home/user1-gpu/agi-extensions/weekend_experiments/grandslam.py:245: UserWarning: enable_nested_tensor is True, but self.use_nested_tensor is False because encoder_layer.norm_first was True
  self.decoder = nn.TransformerEncoder(decoder_layer, decoder_depth)
[2026-04-15 21:21:35]     Epoch  0: train_loss=0.104307
[2026-04-15 21:23:10]     Epoch  5: train_loss=0.094775
[2026-04-15 21:24:46]     Epoch 10: train_loss=0.094753
[2026-04-15 21:26:03]     Epoch 14: train_loss=0.094742
[2026-04-15 21:26:03]   GPU: 7965/32607 MB (24% mem), 97% compute, 24148 MB free
[2026-04-15 21:26:06]     RESULT: eval_loss=0.085052 ± 0.000019
[2026-04-15 21:26:06] 
  [64-color-pixels] seed=137 (entropy ≈ ~6 bits/pixel)
/home/user1-gpu/agi-extensions/weekend_experiments/grandslam.py:235: UserWarning: enable_nested_tensor is True, but self.use_nested_tensor is False because encoder_layer.norm_first was True
  self.encoder = nn.TransformerEncoder(encoder_layer, depth)
/home/user1-gpu/agi-extensions/weekend_experiments/grandslam.py:245: UserWarning: enable_nested_tensor is True, but self.use_nested_tensor is False because encoder_layer.norm_first was True
  self.decoder = nn.TransformerEncoder(decoder_layer, decoder_depth)
[2026-04-15 21:26:26]     Epoch  0: train_loss=0.085049
[2026-04-15 21:28:01]     Epoch  5: train_loss=0.076431
[2026-04-15 21:29:37]     Epoch 10: train_loss=0.076411
[2026-04-15 21:30:54]     Epoch 14: train_loss=0.076401
[2026-04-15 21:30:54]   GPU: 7957/32607 MB (24% mem), 98% compute, 24156 MB free
[2026-04-15 21:30:57]     RESULT: eval_loss=0.084551 ± 0.000021
[2026-04-15 21:30:57] 
  [64-color-pixels] seed=271 (entropy ≈ ~6 bits/pixel)
/home/user1-gpu/agi-extensions/weekend_experiments/grandslam.py:235: UserWarning: enable_nested_tensor is True, but self.use_nested_tensor is False because encoder_layer.norm_first was True
  self.encoder = nn.TransformerEncoder(encoder_layer, depth)
/home/user1-gpu/agi-extensions/weekend_experiments/grandslam.py:245: UserWarning: enable_nested_tensor is True, but self.use_nested_tensor is False because encoder_layer.norm_first was True
  self.decoder = nn.TransformerEncoder(decoder_layer, decoder_depth)
[2026-04-15 21:31:17]     Epoch  0: train_loss=0.094940
[2026-04-15 21:32:53]     Epoch  5: train_loss=0.086048
[2026-04-15 21:34:29]     Epoch 10: train_loss=0.086028
[2026-04-15 21:35:45]     Epoch 14: train_loss=0.086017
[2026-04-15 21:35:45]   GPU: 7944/32607 MB (24% mem), 98% compute, 24169 MB free
[2026-04-15 21:35:48]     RESULT: eval_loss=0.082636 ± 0.000020
[2026-04-15 21:35:48] 
  [natural-like] seed=42 (entropy ≈ structured bits/pixel)
/home/user1-gpu/agi-extensions/weekend_experiments/grandslam.py:235: UserWarning: enable_nested_tensor is True, but self.use_nested_tensor is False because encoder_layer.norm_first was True
  self.encoder = nn.TransformerEncoder(encoder_layer, depth)
/home/user1-gpu/agi-extensions/weekend_experiments/grandslam.py:245: UserWarning: enable_nested_tensor is True, but self.use_nested_tensor is False because encoder_layer.norm_first was True
  self.decoder = nn.TransformerEncoder(decoder_layer, decoder_depth)
[2026-04-15 21:36:18]     Epoch  0: train_loss=0.058287
[2026-04-15 21:38:41]     Epoch  5: train_loss=0.020977
[2026-04-15 21:41:04]     Epoch 10: train_loss=0.015081
[2026-04-15 21:42:58]     Epoch 14: train_loss=0.013525
[2026-04-15 21:42:58]   GPU: 7960/32607 MB (24% mem), 98% compute, 24153 MB free
[2026-04-15 21:43:08]     RESULT: eval_loss=0.013560 ± 0.000414
[2026-04-15 21:43:08] 
  [natural-like] seed=137 (entropy ≈ structured bits/pixel)
/home/user1-gpu/agi-extensions/weekend_experiments/grandslam.py:235: UserWarning: enable_nested_tensor is True, but self.use_nested_tensor is False because encoder_layer.norm_first was True
  self.encoder = nn.TransformerEncoder(encoder_layer, depth)
/home/user1-gpu/agi-extensions/weekend_experiments/grandslam.py:245: UserWarning: enable_nested_tensor is True, but self.use_nested_tensor is False because encoder_layer.norm_first was True
  self.decoder = nn.TransformerEncoder(decoder_layer, decoder_depth)
[2026-04-15 21:43:37]     Epoch  0: train_loss=0.057546
[2026-04-15 21:46:13]     Epoch  5: train_loss=0.020987
[2026-04-15 21:48:36]     Epoch 10: train_loss=0.014851
[2026-04-15 21:50:30]     Epoch 14: train_loss=0.013426
[2026-04-15 21:50:30]   GPU: 7941/32607 MB (24% mem), 95% compute, 24172 MB free
[2026-04-15 21:50:40]     RESULT: eval_loss=0.013472 ± 0.000341
[2026-04-15 21:50:40] 
  [natural-like] seed=271 (entropy ≈ structured bits/pixel)
/home/user1-gpu/agi-extensions/weekend_experiments/grandslam.py:235: UserWarning: enable_nested_tensor is True, but self.use_nested_tensor is False because encoder_layer.norm_first was True
  self.encoder = nn.TransformerEncoder(encoder_layer, depth)
/home/user1-gpu/agi-extensions/weekend_experiments/grandslam.py:245: UserWarning: enable_nested_tensor is True, but self.use_nested_tensor is False because encoder_layer.norm_first was True
  self.decoder = nn.TransformerEncoder(decoder_layer, decoder_depth)
[2026-04-15 21:51:10]     Epoch  0: train_loss=0.057737
[2026-04-15 21:53:32]     Epoch  5: train_loss=0.021418
[2026-04-15 21:55:55]     Epoch 10: train_loss=0.015189
[2026-04-15 21:57:51]     Epoch 14: train_loss=0.013843
[2026-04-15 21:57:51]   GPU: 7791/32607 MB (23% mem), 98% compute, 24322 MB free
[2026-04-15 21:58:01]     RESULT: eval_loss=0.013955 ± 0.000356
[2026-04-15 21:58:01] 
  [gaussian-noise] seed=42 (entropy ≈ ~7 bits/pixel)
/home/user1-gpu/agi-extensions/weekend_experiments/grandslam.py:235: UserWarning: enable_nested_tensor is True, but self.use_nested_tensor is False because encoder_layer.norm_first was True
  self.encoder = nn.TransformerEncoder(encoder_layer, depth)
/home/user1-gpu/agi-extensions/weekend_experiments/grandslam.py:245: UserWarning: enable_nested_tensor is True, but self.use_nested_tensor is False because encoder_layer.norm_first was True
  self.decoder = nn.TransformerEncoder(decoder_layer, decoder_depth)
[2026-04-15 21:58:21]     Epoch  0: train_loss=0.066983
[2026-04-15 21:59:57]     Epoch  5: train_loss=0.057560
[2026-04-15 22:01:33]     Epoch 10: train_loss=0.057541
[2026-04-15 22:02:50]     Epoch 14: train_loss=0.057534
[2026-04-15 22:02:50]   GPU: 7797/32607 MB (23% mem), 98% compute, 24316 MB free
[2026-04-15 22:02:56]     RESULT: eval_loss=0.057537 ± 0.000022
[2026-04-15 22:02:56] 
  [gaussian-noise] seed=137 (entropy ≈ ~7 bits/pixel)
/home/user1-gpu/agi-extensions/weekend_experiments/grandslam.py:235: UserWarning: enable_nested_tensor is True, but self.use_nested_tensor is False because encoder_layer.norm_first was True
  self.encoder = nn.TransformerEncoder(encoder_layer, depth)
/home/user1-gpu/agi-extensions/weekend_experiments/grandslam.py:245: UserWarning: enable_nested_tensor is True, but self.use_nested_tensor is False because encoder_layer.norm_first was True
  self.decoder = nn.TransformerEncoder(decoder_layer, decoder_depth)
[2026-04-15 22:03:16]     Epoch  0: train_loss=0.066449
[2026-04-15 22:04:53]     Epoch  5: train_loss=0.057561
[2026-04-15 22:06:29]     Epoch 10: train_loss=0.057542
[2026-04-15 22:07:46]     Epoch 14: train_loss=0.057532
[2026-04-15 22:07:46]   GPU: 7941/32607 MB (24% mem), 98% compute, 24172 MB free
[2026-04-15 22:07:52]     RESULT: eval_loss=0.057535 ± 0.000016
[2026-04-15 22:07:52] 
  [gaussian-noise] seed=271 (entropy ≈ ~7 bits/pixel)
/home/user1-gpu/agi-extensions/weekend_experiments/grandslam.py:235: UserWarning: enable_nested_tensor is True, but self.use_nested_tensor is False because encoder_layer.norm_first was True
  self.encoder = nn.TransformerEncoder(encoder_layer, depth)
/home/user1-gpu/agi-extensions/weekend_experiments/grandslam.py:245: UserWarning: enable_nested_tensor is True, but self.use_nested_tensor is False because encoder_layer.norm_first was True
  self.decoder = nn.TransformerEncoder(decoder_layer, decoder_depth)
[2026-04-15 22:08:12]     Epoch  0: train_loss=0.066397
[2026-04-15 22:09:48]     Epoch  5: train_loss=0.057559
[2026-04-15 22:11:24]     Epoch 10: train_loss=0.057543
[2026-04-15 22:12:41]     Epoch 14: train_loss=0.057534
[2026-04-15 22:12:41]   GPU: 7767/32607 MB (23% mem), 97% compute, 24346 MB free
[2026-04-15 22:12:47]     RESULT: eval_loss=0.057535 ± 0.000017
[2026-04-15 22:12:47] 
  [uniform-noise] seed=42 (entropy ≈ ~8 bits/pixel)
/home/user1-gpu/agi-extensions/weekend_experiments/grandslam.py:235: UserWarning: enable_nested_tensor is True, but self.use_nested_tensor is False because encoder_layer.norm_first was True
  self.encoder = nn.TransformerEncoder(encoder_layer, depth)
/home/user1-gpu/agi-extensions/weekend_experiments/grandslam.py:245: UserWarning: enable_nested_tensor is True, but self.use_nested_tensor is False because encoder_layer.norm_first was True
  self.decoder = nn.TransformerEncoder(decoder_layer, decoder_depth)
[2026-04-15 22:13:08]     Epoch  0: train_loss=0.092793
[2026-04-15 22:14:45]     Epoch  5: train_loss=0.083367
[2026-04-15 22:16:23]     Epoch 10: train_loss=0.083346
[2026-04-15 22:17:42]     Epoch 14: train_loss=0.083335
[2026-04-15 22:17:42]   GPU: 7949/32607 MB (24% mem), 58% compute, 24164 MB free
[2026-04-15 22:17:45]     RESULT: eval_loss=0.083332 ± 0.000028
[2026-04-15 22:17:45] 
  [uniform-noise] seed=137 (entropy ≈ ~8 bits/pixel)
/home/user1-gpu/agi-extensions/weekend_experiments/grandslam.py:235: UserWarning: enable_nested_tensor is True, but self.use_nested_tensor is False because encoder_layer.norm_first was True
  self.encoder = nn.TransformerEncoder(encoder_layer, depth)
/home/user1-gpu/agi-extensions/weekend_experiments/grandslam.py:245: UserWarning: enable_nested_tensor is True, but self.use_nested_tensor is False because encoder_layer.norm_first was True
  self.decoder = nn.TransformerEncoder(decoder_layer, decoder_depth)
[2026-04-15 22:18:05]     Epoch  0: train_loss=0.092241
[2026-04-15 22:19:43]     Epoch  5: train_loss=0.083366
[2026-04-15 22:21:21]     Epoch 10: train_loss=0.083345
[2026-04-15 22:22:40]     Epoch 14: train_loss=0.083335
[2026-04-15 22:22:40]   GPU: 7949/32607 MB (24% mem), 98% compute, 24164 MB free
[2026-04-15 22:22:43]     RESULT: eval_loss=0.083333 ± 0.000019
[2026-04-15 22:22:43] 
  [uniform-noise] seed=271 (entropy ≈ ~8 bits/pixel)
/home/user1-gpu/agi-extensions/weekend_experiments/grandslam.py:235: UserWarning: enable_nested_tensor is True, but self.use_nested_tensor is False because encoder_layer.norm_first was True
  self.encoder = nn.TransformerEncoder(encoder_layer, depth)
/home/user1-gpu/agi-extensions/weekend_experiments/grandslam.py:245: UserWarning: enable_nested_tensor is True, but self.use_nested_tensor is False because encoder_layer.norm_first was True
  self.decoder = nn.TransformerEncoder(decoder_layer, decoder_depth)
[2026-04-15 22:23:03]     Epoch  0: train_loss=0.092189
[2026-04-15 22:24:41]     Epoch  5: train_loss=0.083368
[2026-04-15 22:26:19]     Epoch 10: train_loss=0.083346
[2026-04-15 22:27:38]     Epoch 14: train_loss=0.083335
[2026-04-15 22:27:38]   GPU: 7949/32607 MB (24% mem), 98% compute, 24164 MB free
[2026-04-15 22:27:41]     RESULT: eval_loss=0.083332 ± 0.000026
[2026-04-15 22:27:41] 
  Evaluating pretrained MAE-Large on real image datasets...
/home/user1-gpu/.local/lib/python3.12/site-packages/transformers/models/vit/feature_extraction_vit.py:28: FutureWarning: The class ViTFeatureExtractor is deprecated and will be removed in version 5 of Transformers. Please use ViTImageProcessor instead.
  warnings.warn(
[2026-04-15 22:27:44]   GPU: 1469/32607 MB (4% mem), 0% compute, 30644 MB free
[2026-04-15 22:27:44]     MAE-Large on CIFAR-100 (100 classes)...
[2026-04-15 22:28:00]       CIFAR-100: loss=0.062688 (10000 images)
[2026-04-15 22:28:00]     MAE-Large on STL-10 (96×96 upscaled)...
[2026-04-15 22:28:16]       STL-10: loss=0.163544 (8000 images)
[2026-04-15 22:28:16]     MAE-Large on synthetic entropy levels...
[2026-04-15 22:28:18]       uniform: loss=0.000108
[2026-04-15 22:28:20]       4-color-blocks: loss=1.946552
[2026-04-15 22:28:21]       16-color-blocks: loss=2.373395
[2026-04-15 22:28:23]       64-color-pixels: loss=1.861310
[2026-04-15 22:28:25]       natural-like: loss=0.138662
[2026-04-15 22:28:27]       gaussian-noise: loss=1.127743
[2026-04-15 22:28:29]       uniform-noise: loss=1.633487
[2026-04-15 22:28:31] GS1 COMPLETE
[2026-04-15 22:28:31] GS1 RELAUNCH COMPLETE
