[2026-04-13 10:04:20] ============================================================
[2026-04-13 10:04:20] ROUND 3 ANALYSIS EXPERIMENTS (CPU only)
[2026-04-13 10:04:20] Started: 2026-04-13 10:04:20
[2026-04-13 10:04:20] ============================================================
[2026-04-13 10:04:20] 
============================================================
[2026-04-13 10:04:20] ANALYSIS 1: NF4 vs SYMMETRIC LEVEL ALLOCATION
[2026-04-13 10:04:20] Why does NF4 survive at INT4 but symmetric doesn't?
[2026-04-13 10:04:20] ============================================================
[2026-04-13 10:04:22]   Weight matrix: (3072, 1024), range [-0.2705, 0.3096]
[2026-04-13 10:04:22]   Mean: -0.000005, Std: 0.026978
[2026-04-13 10:04:22]   Symmetric uniform...
[2026-04-13 10:04:22]     cosine=0.905113, mse=0.00158588
[2026-04-13 10:04:22]   NF4 (normal quantiles)...
[2026-04-13 10:04:23]     cosine=0.973153, mse=0.00045223
[2026-04-13 10:04:23]   Lloyd-Max (optimal MSE)...
[2026-04-13 10:04:25]     cosine=0.989730, mse=0.00015544
[2026-04-13 10:04:25]   Log-scale...
[2026-04-13 10:04:25]     cosine=0.964533, mse=0.00052143
[2026-04-13 10:04:25]   Random levels (control)...
[2026-04-13 10:04:25]     cosine=0.893958, mse=0.00162433
[2026-04-13 10:04:25] 
  --- Same methods at INT3 ---
[2026-04-13 10:04:26]     symmetric_uniform INT3: cosine=0.637253
[2026-04-13 10:04:26]     NF4_normal_quantiles INT3: cosine=0.947906
[2026-04-13 10:04:27]     lloyd_max_optimal INT3: cosine=0.965275
[2026-04-13 10:04:28] ANALYSIS 1 COMPLETE
[2026-04-13 10:04:28] 
============================================================
[2026-04-13 10:04:28] ANALYSIS 2: GPT-2 OUTLIER MATRIX
[2026-04-13 10:04:28] Why does one matrix show cliff ratio 0.9×?
[2026-04-13 10:04:28] ============================================================
[2026-04-13 10:04:28]   Cliff ratios for GPT-2-medium matrices:
[2026-04-13 10:04:28]     nsformer.h.0.mlp.c_proj.weight: 0.11× ← OUTLIER
[2026-04-13 10:04:28]     ransformer.h.1.mlp.c_fc.weight: 0.40× ← OUTLIER
[2026-04-13 10:04:28]     nsformer.h.1.mlp.c_proj.weight: 0.89× ← OUTLIER
[2026-04-13 10:04:28]     ransformer.h.0.mlp.c_fc.weight: 3.72×
[2026-04-13 10:04:28]     ransformer.h.2.mlp.c_fc.weight: 3.83×
[2026-04-13 10:04:28]     nsformer.h.2.mlp.c_proj.weight: 4.58×
[2026-04-13 10:04:29]     mer.h.0.mlp.c_proj.weight: cliff=0.11×, std=0.083322, kurtosis=46.21, sparsity=0.446
[2026-04-13 10:04:29]     ormer.h.1.mlp.c_fc.weight: cliff=0.40×, std=0.105658, kurtosis=5.12, sparsity=0.371
[2026-04-13 10:04:29]     mer.h.1.mlp.c_proj.weight: cliff=0.89×, std=0.079143, kurtosis=124.75, sparsity=0.795
[2026-04-13 10:04:29]     ormer.h.0.mlp.c_fc.weight: cliff=3.72×, std=0.101999, kurtosis=3.47, sparsity=0.147
[2026-04-13 10:04:29]     ormer.h.2.mlp.c_fc.weight: cliff=3.83×, std=0.106556, kurtosis=3.55, sparsity=0.136
[2026-04-13 10:04:29]     mer.h.2.mlp.c_proj.weight: cliff=4.58×, std=0.081725, kurtosis=216.82, sparsity=0.796
[2026-04-13 10:04:30] ANALYSIS 2 COMPLETE
[2026-04-13 10:04:30] 
============================================================
[2026-04-13 10:04:30] ANALYSIS 3: CROSS-MODAL STRUCTURAL BONUS
[2026-04-13 10:04:30] ============================================================
[2026-04-13 10:04:31] ANALYSIS 3 COMPLETE
[2026-04-13 10:04:31] 
============================================================
[2026-04-13 10:04:31] ANALYSIS 4: MUSIC vs SPEECH SOURCE ENTROPY
[2026-04-13 10:04:31] Why is music throughput 4.5× higher than speech?
[2026-04-13 10:04:31] ============================================================
[2026-04-13 10:04:31]   speech: H_gzip=15.605 bits/sample, spectral_H=9.50, autocorr=0.5325, model_throughput=0.63
[2026-04-13 10:04:31]   music: H_gzip=14.199 bits/sample, spectral_H=5.47, autocorr=0.9904, model_throughput=2.83
[2026-04-13 10:04:31]   noise: H_gzip=15.782 bits/sample, spectral_H=10.00, autocorr=0.0008, model_throughput=0.00
[2026-04-13 10:04:31] ANALYSIS 4 COMPLETE
[2026-04-13 10:04:31] 
============================================================
[2026-04-13 10:04:31] ANALYSIS 5: PER-LAYER CLIFF PROGRESSION
[2026-04-13 10:04:31] Does the cliff get worse in deeper layers?
[2026-04-13 10:04:31] ============================================================
[2026-04-13 10:04:33]     Layer 0: INT4=0.8633, INT3=0.4286, std=0.016590, kurtosis=4.45
[2026-04-13 10:04:33]     Layer 6: INT4=0.9555, INT3=0.7968, std=0.020352, kurtosis=3.16
[2026-04-13 10:04:34]     Layer 12: INT4=0.9489, INT3=0.7664, std=0.021614, kurtosis=3.15
[2026-04-13 10:04:35]     Layer 18: INT4=0.8640, INT3=0.4241, std=0.023033, kurtosis=3.61
[2026-04-13 10:04:36] ANALYSIS 5 COMPLETE
[2026-04-13 10:04:36] 
============================================================
[2026-04-13 10:04:36] ALL ANALYSES COMPLETE
[2026-04-13 10:04:36] ============================================================
