[2026-04-10 12:24:09] ============================================================
[2026-04-10 12:24:09] R5 SCALE TEST — Starting
[2026-04-10 12:24:09] ============================================================
[2026-04-10 12:24:09] Found existing SYN-8: /home/user1-gpu/agi-extensions/exp-1/corpora/syn8.txt
[2026-04-10 12:24:09] Training BPE tokenizer (vocab=8192)



/home/user1-gpu/.local/lib/python3.12/site-packages/transformers/tokenization_utils_base.py:1617: FutureWarning: `clean_up_tokenization_spaces` was not set. It will be set to `True` by default. This behavior will be deprecated in transformers v4.45, and will be then set to `False` by default. For more details check this issue: https://github.com/huggingface/transformers/issues/31884
  warnings.warn(
[2026-04-10 12:24:10] Tokenizer trained: vocab_size=444
[2026-04-10 12:24:10] Tokenizing corpus...
[2026-04-10 12:24:10] Train: 179999999 chars, Eval: 20000000 chars
[2026-04-10 12:26:56] Train tokens: 94222825, Eval tokens: 10466098
[2026-04-10 12:26:59] 
============================================================
[2026-04-10 12:26:59] Training gpt2_92m (seed=42)
[2026-04-10 12:26:59] ============================================================
[2026-04-10 12:27:00] Model: 768d, 12L, 12H, 85,790,208 params
/home/user1-gpu/agi-extensions/paper7.1/r5_scale/run_r5.py:199: FutureWarning: `torch.cuda.amp.GradScaler(args...)` is deprecated. Please use `torch.amp.GradScaler('cuda', args...)` instead.
  scaler = GradScaler()
/home/user1-gpu/agi-extensions/paper7.1/r5_scale/run_r5.py:224: FutureWarning: `torch.cuda.amp.autocast(args...)` is deprecated. Please use `torch.amp.autocast('cuda', args...)` instead.
  with autocast():
`use_cache=True` is incompatible with gradient checkpointing. Setting `use_cache=False`...
[2026-04-10 12:27:03]   step 50/40000, loss=3.1615, lr=0.000015, bs=8, vram=1764MB
[2026-04-10 12:27:05]   step 100/40000, loss=2.9461, lr=0.000030, bs=8, vram=1764MB
[2026-04-10 12:27:07]   step 150/40000, loss=2.8483, lr=0.000045, bs=8, vram=1764MB
[2026-04-10 12:27:09]   step 200/40000, loss=2.7804, lr=0.000060, bs=8, vram=1764MB
[2026-04-10 12:27:12]   step 250/40000, loss=2.7493, lr=0.000075, bs=8, vram=1764MB
[2026-04-10 12:27:14]   step 300/40000, loss=2.6850, lr=0.000090, bs=8, vram=1764MB
[2026-04-10 12:27:16]   step 350/40000, loss=2.6640, lr=0.000105, bs=8, vram=1764MB
[2026-04-10 12:27:18]   step 400/40000, loss=2.6496, lr=0.000120, bs=8, vram=1764MB
[2026-04-10 12:27:21]   step 450/40000, loss=2.6800, lr=0.000135, bs=8, vram=1764MB
[2026-04-10 12:27:23]   step 500/40000, loss=2.6681, lr=0.000150, bs=8, vram=1764MB
[2026-04-10 12:27:25]   step 550/40000, loss=2.6501, lr=0.000165, bs=8, vram=1764MB
[2026-04-10 12:27:27]   step 600/40000, loss=2.6653, lr=0.000180, bs=8, vram=1764MB
[2026-04-10 12:27:29]   step 650/40000, loss=2.6818, lr=0.000195, bs=8, vram=1764MB
[2026-04-10 12:27:32]   step 700/40000, loss=2.6825, lr=0.000210, bs=8, vram=1764MB
[2026-04-10 12:27:34]   step 750/40000, loss=2.6732, lr=0.000225, bs=8, vram=1764MB
[2026-04-10 12:27:36]   step 800/40000, loss=2.6660, lr=0.000240, bs=8, vram=1764MB
[2026-04-10 12:27:38]   step 850/40000, loss=2.6562, lr=0.000255, bs=8, vram=1764MB
[2026-04-10 12:27:41]   step 900/40000, loss=2.6504, lr=0.000270, bs=8, vram=1764MB
[2026-04-10 12:27:43]   step 950/40000, loss=2.6570, lr=0.000285, bs=8, vram=1764MB
[2026-04-10 12:27:45]   step 1000/40000, loss=2.6558, lr=0.000300, bs=8, vram=1764MB
[2026-04-10 12:27:47]   step 1050/40000, loss=2.9121, lr=0.000300, bs=8, vram=1764MB
[2026-04-10 12:27:49]   step 1100/40000, loss=2.8152, lr=0.000300, bs=8, vram=1764MB
[2026-04-10 12:27:52]   step 1150/40000, loss=2.8161, lr=0.000300, bs=8, vram=1764MB
[2026-04-10 12:27:54]   step 1200/40000, loss=2.7996, lr=0.000300, bs=8, vram=1764MB
[2026-04-10 12:27:56]   step 1250/40000, loss=2.8033, lr=0.000300, bs=8, vram=1764MB
[2026-04-10 12:27:58]   step 1300/40000, loss=2.8327, lr=0.000300, bs=8, vram=1764MB
[2026-04-10 12:28:01]   step 1350/40000, loss=2.8054, lr=0.000300, bs=8, vram=1764MB
[2026-04-10 12:28:03]   step 1400/40000, loss=2.7926, lr=0.000300, bs=8, vram=1764MB
[2026-04-10 12:28:05]   step 1450/40000, loss=2.7992, lr=0.000300, bs=8, vram=1764MB
[2026-04-10 12:28:07]   step 1500/40000, loss=2.8174, lr=0.000300, bs=8, vram=1764MB
[2026-04-10 12:28:09]   step 1550/40000, loss=2.8076, lr=0.000300, bs=8, vram=1764MB
[2026-04-10 12:28:12]   step 1600/40000, loss=2.9700, lr=0.000300, bs=8, vram=1764MB
[2026-04-10 12:28:14]   step 1650/40000, loss=2.7727, lr=0.000300, bs=8, vram=1764MB
[2026-04-10 12:28:16]   step 1700/40000, loss=2.7954, lr=0.000300, bs=8, vram=1764MB
[2026-04-10 12:28:18]   step 1750/40000, loss=2.7371, lr=0.000300, bs=8, vram=1764MB
[2026-04-10 12:28:21]   step 1800/40000, loss=2.7447, lr=0.000300, bs=8, vram=1764MB
[2026-04-10 12:28:23]   step 1850/40000, loss=2.7232, lr=0.000300, bs=8, vram=1764MB
[2026-04-10 12:28:25]   step 1900/40000, loss=2.7269, lr=0.000300, bs=8, vram=1764MB
[2026-04-10 12:28:27]   step 1950/40000, loss=2.6510, lr=0.000300, bs=8, vram=1764MB
[2026-04-10 12:28:29]   step 2000/40000, loss=2.6540, lr=0.000300, bs=8, vram=1764MB
/home/user1-gpu/agi-extensions/paper7.1/r5_scale/run_r5.py:165: FutureWarning: `torch.cuda.amp.autocast(args...)` is deprecated. Please use `torch.amp.autocast('cuda', args...)` instead.
  with autocast():
[2026-04-10 12:29:25]   EVAL step 2000: BPT=3.8425, BPSS*=2.0107, BPSS*/H=0.2513
[2026-04-10 12:29:27]   step 2050/40000, loss=2.6671, lr=0.000299, bs=8, vram=1764MB
[2026-04-10 12:29:29]   step 2100/40000, loss=2.6574, lr=0.000299, bs=8, vram=1764MB
[2026-04-10 12:29:31]   step 2150/40000, loss=2.6549, lr=0.000299, bs=8, vram=1764MB
[2026-04-10 12:29:33]   step 2200/40000, loss=2.6575, lr=0.000299, bs=8, vram=1764MB
[2026-04-10 12:29:36]   step 2250/40000, loss=2.6774, lr=0.000299, bs=8, vram=1764MB
[2026-04-10 12:29:38]   step 2300/40000, loss=2.6526, lr=0.000299, bs=8, vram=1764MB
[2026-04-10 12:29:40]   step 2350/40000, loss=2.6609, lr=0.000299, bs=8, vram=1764MB
[2026-04-10 12:29:42]   step 2400/40000, loss=2.6667, lr=0.000299, bs=8, vram=1764MB
[2026-04-10 12:29:45]   step 2450/40000, loss=2.6230, lr=0.000299, bs=8, vram=1764MB
[2026-04-10 12:29:47]   step 2500/40000, loss=2.6472, lr=0.000299, bs=8, vram=1764MB
[2026-04-10 12:29:49]   step 2550/40000, loss=2.6806, lr=0.000299, bs=8, vram=1764MB
[2026-04-10 12:29:51]   step 2600/40000, loss=2.6416, lr=0.000299, bs=8, vram=1764MB
[2026-04-10 12:29:53]   step 2650/40000, loss=2.6678, lr=0.000299, bs=8, vram=1764MB
[2026-04-10 12:29:56]   step 2700/40000, loss=2.6730, lr=0.000299, bs=8, vram=1764MB
[2026-04-10 12:29:58]   step 2750/40000, loss=2.6721, lr=0.000299, bs=8, vram=1764MB
[2026-04-10 12:30:00]   step 2800/40000, loss=2.6471, lr=0.000298, bs=8, vram=1764MB
[2026-04-10 12:30:02]   step 2850/40000, loss=2.6622, lr=0.000298, bs=8, vram=1764MB
[2026-04-10 12:30:05]   step 2900/40000, loss=2.6477, lr=0.000298, bs=8, vram=1764MB
[2026-04-10 12:30:07]   step 2950/40000, loss=2.6607, lr=0.000298, bs=8, vram=1764MB
[2026-04-10 12:30:09]   step 3000/40000, loss=2.6341, lr=0.000298, bs=8, vram=1764MB
[2026-04-10 12:30:11]   step 3050/40000, loss=2.6490, lr=0.000298, bs=8, vram=1764MB
[2026-04-10 12:30:14]   step 3100/40000, loss=2.6229, lr=0.000298, bs=8, vram=1764MB
[2026-04-10 12:30:16]   step 3150/40000, loss=2.6400, lr=0.000298, bs=8, vram=1764MB
[2026-04-10 12:30:18]   step 3200/40000, loss=2.6569, lr=0.000298, bs=8, vram=1764MB
[2026-04-10 12:30:20]   step 3250/40000, loss=2.6683, lr=0.000298, bs=8, vram=1764MB
[2026-04-10 12:30:22]   step 3300/40000, loss=2.6468, lr=0.000297, bs=8, vram=1764MB
[2026-04-10 12:30:25]   step 3350/40000, loss=2.6704, lr=0.000297, bs=8, vram=1764MB
[2026-04-10 12:30:27]   step 3400/40000, loss=2.6808, lr=0.000297, bs=8, vram=1764MB
[2026-04-10 12:30:29]   step 3450/40000, loss=2.6815, lr=0.000297, bs=8, vram=1764MB
[2026-04-10 12:30:31]   step 3500/40000, loss=2.6586, lr=0.000297, bs=8, vram=1764MB
[2026-04-10 12:30:34]   step 3550/40000, loss=2.6613, lr=0.000297, bs=8, vram=1764MB
[2026-04-10 12:30:36]   step 3600/40000, loss=2.6474, lr=0.000297, bs=8, vram=1764MB
[2026-04-10 12:30:38]   step 3650/40000, loss=2.6510, lr=0.000297, bs=8, vram=1764MB
[2026-04-10 12:30:40]   step 3700/40000, loss=2.6515, lr=0.000296, bs=8, vram=1764MB
[2026-04-10 12:30:42]   step 3750/40000, loss=2.6330, lr=0.000296, bs=8, vram=1764MB
[2026-04-10 12:30:45]   step 3800/40000, loss=2.6418, lr=0.000296, bs=8, vram=1764MB
[2026-04-10 12:30:47]   step 3850/40000, loss=2.6739, lr=0.000296, bs=8, vram=1764MB
[2026-04-10 12:30:49]   step 3900/40000, loss=2.6738, lr=0.000296, bs=8, vram=1764MB
[2026-04-10 12:30:51]   step 3950/40000, loss=2.6721, lr=0.000296, bs=8, vram=1764MB
[2026-04-10 12:30:54]   step 4000/40000, loss=2.6796, lr=0.000296, bs=8, vram=1764MB
[2026-04-10 12:34:05]   EVAL step 4000: BPT=3.8412, BPSS*=2.0101, BPSS*/H=0.2513
[2026-04-10 12:34:10]   step 4050/40000, loss=2.6641, lr=0.000295, bs=8, vram=1764MB
[2026-04-10 12:34:15]   step 4100/40000, loss=2.6499, lr=0.000295, bs=8, vram=1764MB
[2026-04-10 12:34:20]   step 4150/40000, loss=2.6434, lr=0.000295, bs=8, vram=1764MB
[2026-04-10 12:34:24]   step 4200/40000, loss=2.6699, lr=0.000295, bs=8, vram=1764MB
[2026-04-10 12:34:29]   step 4250/40000, loss=2.6416, lr=0.000295, bs=8, vram=1764MB
[2026-04-10 12:34:34]   step 4300/40000, loss=2.6901, lr=0.000295, bs=8, vram=1764MB
[2026-04-10 12:34:39]   step 4350/40000, loss=2.6740, lr=0.000295, bs=8, vram=1764MB
[2026-04-10 12:34:44]   step 4400/40000, loss=2.6355, lr=0.000294, bs=8, vram=1764MB
[2026-04-10 12:34:49]   step 4450/40000, loss=2.6571, lr=0.000294, bs=8, vram=1764MB
[2026-04-10 12:34:54]   step 4500/40000, loss=2.6542, lr=0.000294, bs=8, vram=1764MB
[2026-04-10 12:34:59]   step 4550/40000, loss=2.6386, lr=0.000294, bs=8, vram=1764MB
[2026-04-10 12:35:03]   step 4600/40000, loss=2.6566, lr=0.000294, bs=8, vram=1764MB
[2026-04-10 12:35:08]   step 4650/40000, loss=2.6764, lr=0.000294, bs=8, vram=1764MB
[2026-04-10 12:35:13]   step 4700/40000, loss=2.6655, lr=0.000293, bs=8, vram=1764MB
[2026-04-10 12:35:18]   step 4750/40000, loss=2.6906, lr=0.000293, bs=8, vram=1764MB
[2026-04-10 12:35:23]   step 4800/40000, loss=2.6555, lr=0.000293, bs=8, vram=1764MB
[2026-04-10 12:35:28]   step 4850/40000, loss=2.6532, lr=0.000293, bs=8, vram=1764MB
[2026-04-10 12:35:33]   step 4900/40000, loss=2.6634, lr=0.000293, bs=8, vram=1764MB
[2026-04-10 12:35:37]   step 4950/40000, loss=2.6462, lr=0.000292, bs=8, vram=1764MB
[2026-04-10 12:35:42]   step 5000/40000, loss=2.6470, lr=0.000292, bs=8, vram=1764MB
[2026-04-10 12:35:47]   step 5050/40000, loss=2.6394, lr=0.000292, bs=8, vram=1764MB
[2026-04-10 12:35:52]   step 5100/40000, loss=2.6244, lr=0.000292, bs=8, vram=1764MB
[2026-04-10 12:35:57]   step 5150/40000, loss=2.6695, lr=0.000292, bs=8, vram=1764MB
[2026-04-10 12:36:02]   step 5200/40000, loss=2.6398, lr=0.000291, bs=8, vram=1764MB
[2026-04-10 12:36:07]   step 5250/40000, loss=2.6708, lr=0.000291, bs=8, vram=1764MB
[2026-04-10 12:36:11]   step 5300/40000, loss=2.6716, lr=0.000291, bs=8, vram=1764MB
[2026-04-10 12:36:16]   step 5350/40000, loss=2.6823, lr=0.000291, bs=8, vram=1764MB
[2026-04-10 12:36:21]   step 5400/40000, loss=2.6548, lr=0.000291, bs=8, vram=1764MB
[2026-04-10 12:36:26]   step 5450/40000, loss=2.6654, lr=0.000290, bs=8, vram=1764MB
[2026-04-10 12:36:31]   step 5500/40000, loss=2.6784, lr=0.000290, bs=8, vram=1764MB
[2026-04-10 12:36:36]   step 5550/40000, loss=2.6338, lr=0.000290, bs=8, vram=1764MB
[2026-04-10 12:36:41]   step 5600/40000, loss=2.6775, lr=0.000290, bs=8, vram=1764MB
[2026-04-10 12:36:45]   step 5650/40000, loss=2.6726, lr=0.000290, bs=8, vram=1764MB
[2026-04-10 12:36:50]   step 5700/40000, loss=2.6364, lr=0.000289, bs=8, vram=1764MB
[2026-04-10 12:36:55]   step 5750/40000, loss=2.6176, lr=0.000289, bs=8, vram=1764MB
[2026-04-10 12:37:00]   step 5800/40000, loss=2.6695, lr=0.000289, bs=8, vram=1764MB
[2026-04-10 12:37:05]   step 5850/40000, loss=2.6443, lr=0.000289, bs=8, vram=1764MB
[2026-04-10 12:37:10]   step 5900/40000, loss=2.6483, lr=0.000288, bs=8, vram=1764MB
[2026-04-10 12:37:15]   step 5950/40000, loss=2.6475, lr=0.000288, bs=8, vram=1764MB
[2026-04-10 12:37:19]   step 6000/40000, loss=2.6349, lr=0.000288, bs=8, vram=1764MB
[2026-04-10 12:41:03]   EVAL step 6000: BPT=3.8275, BPSS*=2.0029, BPSS*/H=0.2504
[2026-04-10 12:41:08]   step 6050/40000, loss=2.6570, lr=0.000288, bs=8, vram=1764MB
[2026-04-10 12:41:13]   step 6100/40000, loss=2.6395, lr=0.000288, bs=8, vram=1764MB
[2026-04-10 12:41:18]   step 6150/40000, loss=5.3156, lr=0.000287, bs=8, vram=1764MB
[2026-04-10 12:41:22]   step 6200/40000, loss=2.8993, lr=0.000287, bs=8, vram=1764MB
[2026-04-10 12:41:27]   step 6250/40000, loss=2.7590, lr=0.000287, bs=8, vram=1764MB
[2026-04-10 12:41:32]   step 6300/40000, loss=2.7107, lr=0.000287, bs=8, vram=1764MB
[2026-04-10 12:41:37]   step 6350/40000, loss=2.6957, lr=0.000286, bs=8, vram=1764MB
[2026-04-10 12:41:42]   step 6400/40000, loss=2.6713, lr=0.000286, bs=8, vram=1764MB
[2026-04-10 12:41:47]   step 6450/40000, loss=2.6534, lr=0.000286, bs=8, vram=1764MB
[2026-04-10 12:41:51]   step 6500/40000, loss=2.7005, lr=0.000286, bs=8, vram=1764MB
[2026-04-10 12:41:56]   step 6550/40000, loss=2.7009, lr=0.000285, bs=8, vram=1764MB
[2026-04-10 12:42:01]   step 6600/40000, loss=2.6701, lr=0.000285, bs=8, vram=1764MB
[2026-04-10 12:42:06]   step 6650/40000, loss=2.6645, lr=0.000285, bs=8, vram=1764MB
[2026-04-10 12:42:11]   step 6700/40000, loss=2.7036, lr=0.000284, bs=8, vram=1764MB
[2026-04-10 12:42:16]   step 6750/40000, loss=2.6609, lr=0.000284, bs=8, vram=1764MB
